<?xml version="1.0" encoding="utf-8"?><testsuites><testsuite errors="0" failures="0" hostname="LAPTOP-N1JBFK87" name="pytest" skipped="0" tests="4" time="2.869" timestamp="2020-05-20T21:03:00.149034"><testcase classname="test_submit" file="test_submit.py" line="3" name="test_q1" time="0.076"></testcase><testcase classname="test_submit" file="test_submit.py" line="8" name="test_q2" time="0.040"></testcase><testcase classname="test_submit" file="test_submit.py" line="13" name="test_q3" time="0.077"></testcase><testcase classname="test_submit" file="test_submit.py" line="18" name="test_q4" time="0.301"></testcase></testsuite></testsuites>